#
# A fatal error has been detected by the Java Runtime Environment:
#
#  Internal Error (javaClasses.cpp:136), pid=7696, tid=4320
#  fatal error: Invalid layout of preloaded class
#
# JRE version:  (7.0_71-b14) (build )
# Java VM: Java HotSpot(TM) 64-Bit Server VM (24.71-b01 mixed mode windows-amd64 compressed oops)
# Failed to write core dump. Minidumps are not enabled by default on client versions of Windows
#
# If you would like to submit a bug report, please visit:
#   http://bugreport.sun.com/bugreport/crash.jsp
#

---------------  T H R E A D  ---------------

Current thread (0x0000000002480800):  JavaThread "Unknown thread" [_thread_in_vm, id=4320, stack(0x0000000002380000,0x0000000002480000)]

Stack: [0x0000000002380000,0x0000000002480000]
[error occurred during error reporting (printing stack bounds), id 0xc0000005]


---------------  P R O C E S S  ---------------

Java Threads: ( => current thread )

Other Threads:

=>0x0000000002480800 (exited) JavaThread "Unknown thread" [_thread_in_vm, id=4320, stack(0x0000000002380000,0x0000000002480000)]

VM state:not at safepoint (not fully initialized)

VM Mutex/Monitor currently owned by a thread: None

GC Heap History (0 events):
No events

Deoptimization events (0 events):
No events

Internal exceptions (0 events):
No events

Events (10 events):
Event: 0.009 loading class 0x00000000024c6b50 done
Event: 0.009 loading class 0x00000000024c6570 done
Event: 0.009 loading class 0x00000000024c6550
Event: 0.009 loading class 0x00000000024ce6b0
Event: 0.009 loading class 0x00000000024ce6b0 done
Event: 0.009 loading class 0x00000000024ce6e0
Event: 0.009 loading class 0x00000000024ce6e0 done
Event: 0.009 loading class 0x00000000024ce710
Event: 0.009 loading class 0x00000000024ce710 done
Event: 0.009 loading class 0x00000000024c6550 done


Dynamic libraries:
0x000007f737d20000 - 0x000007f737d53000 	C:\Program Files\Java\jre7\bin\javaw.exe
0x000007faa0d90000 - 0x000007faa0f50000 	C:\Windows\SYSTEM32\ntdll.dll
0x000007faa0830000 - 0x000007faa0966000 	C:\Windows\system32\KERNEL32.DLL
0x000007fa9da40000 - 0x000007fa9db33000 	C:\Windows\system32\KERNELBASE.dll
0x000007fa9e200000 - 0x000007fa9e2de000 	C:\Windows\system32\ADVAPI32.dll
0x000007faa0b60000 - 0x000007faa0cac000 	C:\Windows\system32\USER32.dll
0x000007fa9b6f0000 - 0x000007fa9b95a000 	C:\Windows\WinSxS\amd64_microsoft.windows.common-controls_6595b64144ccf1df_6.0.9200.16579_none_418ab7ef718b27ef\COMCTL32.dll
0x000007fa9e7e0000 - 0x000007fa9e885000 	C:\Windows\system32\msvcrt.dll
0x000007faa07e0000 - 0x000007faa0828000 	C:\Windows\SYSTEM32\sechost.dll
0x000007fa9ec20000 - 0x000007fa9ed65000 	C:\Windows\system32\RPCRT4.dll
0x000007fa9e890000 - 0x000007fa9e9d1000 	C:\Windows\system32\GDI32.dll
0x000007faa0d50000 - 0x000007faa0d89000 	C:\Windows\system32\IMM32.DLL
0x000007fa9ed70000 - 0x000007fa9ee86000 	C:\Windows\system32\MSCTF.dll
0x000000006f1c0000 - 0x000000006f292000 	C:\Program Files\Java\jre7\bin\msvcr100.dll
0x000000006e9e0000 - 0x000000006f1b3000 	C:\Program Files\Java\jre7\bin\server\jvm.dll
0x000007fa9bd30000 - 0x000007fa9bd39000 	C:\Windows\SYSTEM32\WSOCK32.dll
0x000007fa9db40000 - 0x000007fa9db60000 	C:\Windows\system32\WINMM.dll
0x000007fa9f120000 - 0x000007fa9f127000 	C:\Windows\system32\PSAPI.DLL
0x000007fa9ead0000 - 0x000007fa9eb28000 	C:\Windows\system32\WS2_32.dll
0x000007fa9d920000 - 0x000007fa9d953000 	C:\Windows\system32\WINMMBASE.dll
0x000007fa9f1b0000 - 0x000007fa9f1b9000 	C:\Windows\system32\NSI.dll
0x000007fa9d980000 - 0x000007fa9d9cf000 	C:\Windows\SYSTEM32\cfgmgr32.dll
0x000007fa9de60000 - 0x000007fa9de82000 	C:\Windows\system32\DEVOBJ.dll
0x000000006e9d0000 - 0x000000006e9df000 	C:\Program Files\Java\jre7\bin\verify.dll
0x000000006e9a0000 - 0x000000006e9c8000 	C:\Program Files\Java\jre7\bin\java.dll
0x000000006e980000 - 0x000000006e995000 	C:\Program Files\Java\jre7\bin\zip.dll

VM Arguments:
jvm_args: -Dfile.encoding=GBK -Xbootclasspath:D:\java\adt-bundle-windows-x86_64-20140702_modiByJF\sdk\platforms\android-20\android.jar 
java_command: com.ours.thesuperdarkfour.mai
Launcher Type: SUN_STANDARD

Environment Variables:
JAVA_HOME=C:\Program Files\Java\jdk1.7.0_71
PATH=C:\Program Files (x86)\AMD APP\bin\x86_64;C:\Program Files (x86)\AMD APP\bin\x86;C:\Windows\system32;C:\Windows;C:\Windows\System32\Wbem;C:\Windows\System32\WindowsPowerShell\v1.0\;c:\Program Files (x86)\Microsoft SQL Server\90\Tools\binn\;C:\Program Files\Microsoft\Web Platform Installer\;C:\Program Files (x86)\Microsoft ASP.NET\ASP.NET Web Pages\v1.0\;C:\Program Files\Microsoft SQL Server\110\Tools\Binn\;D:\Program Files\MATLAB\R2011b\runtime\win64;D:\Program Files\MATLAB\R2011b\bin;C:\Program Files (x86)\ATI Technologies\ATI.ACE\Core-Static;C:\Program Files\Java\jdk1.7.0_71\bin
USERNAME=ÍõÕý
OS=Windows_NT
PROCESSOR_IDENTIFIER=Intel64 Family 6 Model 58 Stepping 9, GenuineIntel



---------------  S Y S T E M  ---------------

OS: Windows 8 , 64 bit Build 9200 

CPU:total 4 (2 cores per cpu, 2 threads per core) family 6 model 58 stepping 9, cmov, cx8, fxsr, mmx, sse, sse2, sse3, ssse3, sse4.1, sse4.2, popcnt, avx, aes, erms, ht, tsc, tscinvbit, tscinv

Memory: 4k page, physical 4066664k(1202492k free), swap 6294888k(1484020k free)

vm_info: Java HotSpot(TM) 64-Bit Server VM (24.71-b01) for windows-amd64 JRE (1.7.0_71-b14), built on Sep 26 2014 16:16:12 by "java_re" with unknown MS VC++:1600

time: Sun Dec 21 16:51:50 2014
elapsed time: 0 seconds

